<?xml version="1.0" encoding="UTF-8"?>
<!-- Generated by org.testng.reporters.JUnitReportReporter -->
<testsuite hostname="DESKTOP-ERGEQED" failures="0" tests="5" name="IBM.Restassured.Project" time="8.899" errors="0" timestamp="16 Mar 2022 04:21:52 GMT" skipped="0">
  <testcase classname="IBM.Restassured.Project" name="Deleteuser" time="1.352"/>
  <testcase classname="IBM.Restassured.Project" name="PUT" time="1.387"/>
  <testcase classname="IBM.Restassured.Project" name="POST" time="3.178"/>
  <testcase classname="IBM.Restassured.Project" name="Login" time="1.555"/>
  <testcase classname="IBM.Restassured.Project" name="Logout" time="1.427"/>
</testsuite> <!-- IBM.Restassured.Project -->
