<?xml version="1.0" encoding="UTF-8"?>
<!-- Generated by org.testng.reporters.JUnitReportReporter -->
<testsuite hostname="DESKTOP-ERGEQED" failures="0" tests="6" name="IBM.Restassured.Day2" time="1.736" errors="0" timestamp="15 Mar 2022 04:31:41 GMT" skipped="5">
  <testcase classname="IBM.Restassured.Day2" name="POJOExample" time="1.736"/>
  <testcase classname="IBM.Restassured.Day2" name="filemtd">
    <skipped/>
  </testcase> <!-- filemtd -->
  <testcase classname="IBM.Restassured.Day2" name="JSONtoString">
    <skipped/>
  </testcase> <!-- JSONtoString -->
  <testcase classname="IBM.Restassured.Day2" name="AssertionExample">
    <skipped/>
  </testcase> <!-- AssertionExample -->
  <testcase classname="IBM.Restassured.Day2" name="getdatafromprevstep">
    <skipped/>
  </testcase> <!-- getdatafromprevstep -->
  <testcase classname="IBM.Restassured.Day2" name="JSONObjExample">
    <skipped/>
  </testcase> <!-- JSONObjExample -->
</testsuite> <!-- IBM.Restassured.Day2 -->
